C:\xampp\htdocs\pokja\.htaccess
C:\xampp\htdocs\pokja\composer.json
C:\xampp\htdocs\pokja\controllers\AnnouncementController.php
C:\xampp\htdocs\pokja\controllers\ApiController.php
C:\xampp\htdocs\pokja\controllers\BreadcrumblinksaddspController.php
C:\xampp\htdocs\pokja\controllers\BreadcrumblinkscheckspController.php
C:\xampp\htdocs\pokja\controllers\BreadcrumblinksdeletespController.php
C:\xampp\htdocs\pokja\controllers\BreadcrumblinksmovespController.php
C:\xampp\htdocs\pokja\controllers\ControllerBase.php
C:\xampp\htdocs\pokja\controllers\DocumentsController.php
C:\xampp\htdocs\pokja\controllers\HelpCategoriesController.php
C:\xampp\htdocs\pokja\controllers\HelpController.php
C:\xampp\htdocs\pokja\controllers\HomeController.php
C:\xampp\htdocs\pokja\controllers\ItemsController.php
C:\xampp\htdocs\pokja\controllers\LanguagesController.php
C:\xampp\htdocs\pokja\controllers\LoadaboutusController.php
C:\xampp\htdocs\pokja\controllers\LoadhelponlineController.php
C:\xampp\htdocs\pokja\controllers\LoadtermsconditionsController.php
C:\xampp\htdocs\pokja\controllers\OthersController.php
C:\xampp\htdocs\pokja\controllers\PrinttermsconditionsController.php
C:\xampp\htdocs\pokja\controllers\ProcurementsController.php
C:\xampp\htdocs\pokja\controllers\SettingsController.php
C:\xampp\htdocs\pokja\controllers\SuppliersController.php
C:\xampp\htdocs\pokja\controllers\TheuserprofileController.php
C:\xampp\htdocs\pokja\controllers\UserlevelpermissionsController.php
C:\xampp\htdocs\pokja\controllers\UserlevelsController.php
C:\xampp\htdocs\pokja\controllers\UsersController.php
C:\xampp\htdocs\pokja\css\Pokja2025.scss
C:\xampp\htdocs\pokja\css\ewpdf.scss
C:\xampp\htdocs\pokja\css\jquery.overlayScrollbars.css
C:\xampp\htdocs\pokja\css\query-builder.scss
C:\xampp\htdocs\pokja\css\tabulator_bootstrap5.scss
C:\xampp\htdocs\pokja\css\tempus-dominus.scss
C:\xampp\htdocs\pokja\files\index.html
C:\xampp\htdocs\pokja\index.php
C:\xampp\htdocs\pokja\jquery\jquery.inputmask.js
C:\xampp\htdocs\pokja\jquery\jquery.inputmask.min.js
C:\xampp\htdocs\pokja\jquery\jquery.jtable.js
C:\xampp\htdocs\pokja\jquery\jquery.jtable.min.js
C:\xampp\htdocs\pokja\jquery\jquery.overlayScrollbars.js
C:\xampp\htdocs\pokja\jquery\jquery.overlayScrollbars.min.js
C:\xampp\htdocs\pokja\jquery\msjqueryinputmask.js
C:\xampp\htdocs\pokja\js\eweditor.js
C:\xampp\htdocs\pokja\js\ewfixedheadertable.js
C:\xampp\htdocs\pokja\js\masinoew.js
C:\xampp\htdocs\pokja\js\masinoewcore.js
C:\xampp\htdocs\pokja\js\userevent.js
C:\xampp\htdocs\pokja\js\userfn.js
C:\xampp\htdocs\pokja\js\userprivmod.js
C:\xampp\htdocs\pokja\js\userprivori.js
C:\xampp\htdocs\pokja\log\index.html
C:\xampp\htdocs\pokja\models\Announcement.php
C:\xampp\htdocs\pokja\models\AnnouncementAdd.php
C:\xampp\htdocs\pokja\models\AnnouncementDelete.php
C:\xampp\htdocs\pokja\models\AnnouncementEdit.php
C:\xampp\htdocs\pokja\models\AnnouncementList.php
C:\xampp\htdocs\pokja\models\AnnouncementView.php
C:\xampp\htdocs\pokja\models\Breadcrumblinksaddsp.php
C:\xampp\htdocs\pokja\models\Breadcrumblinkschecksp.php
C:\xampp\htdocs\pokja\models\Breadcrumblinksdeletesp.php
C:\xampp\htdocs\pokja\models\Breadcrumblinksmovesp.php
C:\xampp\htdocs\pokja\models\Captcha.php
C:\xampp\htdocs\pokja\models\ChangePassword.php
C:\xampp\htdocs\pokja\models\Documents.php
C:\xampp\htdocs\pokja\models\DocumentsAdd.php
C:\xampp\htdocs\pokja\models\DocumentsDelete.php
C:\xampp\htdocs\pokja\models\DocumentsEdit.php
C:\xampp\htdocs\pokja\models\DocumentsList.php
C:\xampp\htdocs\pokja\models\DocumentsView.php
C:\xampp\htdocs\pokja\models\Help.php
C:\xampp\htdocs\pokja\models\HelpAdd.php
C:\xampp\htdocs\pokja\models\HelpCategories.php
C:\xampp\htdocs\pokja\models\HelpCategoriesAdd.php
C:\xampp\htdocs\pokja\models\HelpCategoriesDelete.php
C:\xampp\htdocs\pokja\models\HelpCategoriesEdit.php
C:\xampp\htdocs\pokja\models\HelpCategoriesList.php
C:\xampp\htdocs\pokja\models\HelpCategoriesView.php
C:\xampp\htdocs\pokja\models\HelpDelete.php
C:\xampp\htdocs\pokja\models\HelpEdit.php
C:\xampp\htdocs\pokja\models\HelpGrid.php
C:\xampp\htdocs\pokja\models\HelpList.php
C:\xampp\htdocs\pokja\models\HelpPreview.php
C:\xampp\htdocs\pokja\models\HelpView.php
C:\xampp\htdocs\pokja\models\Home.php
C:\xampp\htdocs\pokja\models\Items.php
C:\xampp\htdocs\pokja\models\ItemsAdd.php
C:\xampp\htdocs\pokja\models\ItemsDelete.php
C:\xampp\htdocs\pokja\models\ItemsEdit.php
C:\xampp\htdocs\pokja\models\ItemsList.php
C:\xampp\htdocs\pokja\models\ItemsView.php
C:\xampp\htdocs\pokja\models\Languages.php
C:\xampp\htdocs\pokja\models\LanguagesAdd.php
C:\xampp\htdocs\pokja\models\LanguagesDelete.php
C:\xampp\htdocs\pokja\models\LanguagesEdit.php
C:\xampp\htdocs\pokja\models\LanguagesList.php
C:\xampp\htdocs\pokja\models\LanguagesView.php
C:\xampp\htdocs\pokja\models\Loadaboutus.php
C:\xampp\htdocs\pokja\models\Loadhelponline.php
C:\xampp\htdocs\pokja\models\Loadtermsconditions.php
C:\xampp\htdocs\pokja\models\Login.php
C:\xampp\htdocs\pokja\models\PersonalData.php
C:\xampp\htdocs\pokja\models\Printtermsconditions.php
C:\xampp\htdocs\pokja\models\Procurements.php
C:\xampp\htdocs\pokja\models\ProcurementsAdd.php
C:\xampp\htdocs\pokja\models\ProcurementsDelete.php
C:\xampp\htdocs\pokja\models\ProcurementsEdit.php
C:\xampp\htdocs\pokja\models\ProcurementsList.php
C:\xampp\htdocs\pokja\models\ProcurementsView.php
C:\xampp\htdocs\pokja\models\ResetPassword.php
C:\xampp\htdocs\pokja\models\Settings.php
C:\xampp\htdocs\pokja\models\SettingsAdd.php
C:\xampp\htdocs\pokja\models\SettingsDelete.php
C:\xampp\htdocs\pokja\models\SettingsEdit.php
C:\xampp\htdocs\pokja\models\SettingsList.php
C:\xampp\htdocs\pokja\models\SettingsView.php
C:\xampp\htdocs\pokja\models\Suppliers.php
C:\xampp\htdocs\pokja\models\SuppliersAdd.php
C:\xampp\htdocs\pokja\models\SuppliersDelete.php
C:\xampp\htdocs\pokja\models\SuppliersEdit.php
C:\xampp\htdocs\pokja\models\SuppliersList.php
C:\xampp\htdocs\pokja\models\SuppliersView.php
C:\xampp\htdocs\pokja\models\Theuserprofile.php
C:\xampp\htdocs\pokja\models\TheuserprofileAdd.php
C:\xampp\htdocs\pokja\models\TheuserprofileDelete.php
C:\xampp\htdocs\pokja\models\TheuserprofileEdit.php
C:\xampp\htdocs\pokja\models\TheuserprofileList.php
C:\xampp\htdocs\pokja\models\TheuserprofileSearch.php
C:\xampp\htdocs\pokja\models\TheuserprofileView.php
C:\xampp\htdocs\pokja\models\Userlevelpermissions.php
C:\xampp\htdocs\pokja\models\UserlevelpermissionsAdd.php
C:\xampp\htdocs\pokja\models\UserlevelpermissionsDelete.php
C:\xampp\htdocs\pokja\models\UserlevelpermissionsEdit.php
C:\xampp\htdocs\pokja\models\UserlevelpermissionsList.php
C:\xampp\htdocs\pokja\models\UserlevelpermissionsView.php
C:\xampp\htdocs\pokja\models\Userlevels.php
C:\xampp\htdocs\pokja\models\UserlevelsAdd.php
C:\xampp\htdocs\pokja\models\UserlevelsDelete.php
C:\xampp\htdocs\pokja\models\UserlevelsEdit.php
C:\xampp\htdocs\pokja\models\UserlevelsList.php
C:\xampp\htdocs\pokja\models\UserlevelsView.php
C:\xampp\htdocs\pokja\models\Userpriv.php
C:\xampp\htdocs\pokja\models\Users.php
C:\xampp\htdocs\pokja\models\UsersAdd.php
C:\xampp\htdocs\pokja\models\UsersDelete.php
C:\xampp\htdocs\pokja\models\UsersEdit.php
C:\xampp\htdocs\pokja\models\UsersGrid.php
C:\xampp\htdocs\pokja\models\UsersList.php
C:\xampp\htdocs\pokja\models\UsersPreview.php
C:\xampp\htdocs\pokja\models\UsersSearch.php
C:\xampp\htdocs\pokja\models\UsersView.php
C:\xampp\htdocs\pokja\package.json
C:\xampp\htdocs\pokja\src\AbstractCheckCredentialsListener.php
C:\xampp\htdocs\pokja\src\AbstractController.php
C:\xampp\htdocs\pokja\src\AbstractEntity.php
C:\xampp\htdocs\pokja\src\AbstractExport.php
C:\xampp\htdocs\pokja\src\AbstractExportBase.php
C:\xampp\htdocs\pokja\src\AbstractTwoFactorAuthentication.php
C:\xampp\htdocs\pokja\src\AccessTokenExtractor.php
C:\xampp\htdocs\pokja\src\AccessTokenHandler.php
C:\xampp\htdocs\pokja\src\AccessTokenUser.php
C:\xampp\htdocs\pokja\src\AccessTokenUserProvider.php
C:\xampp\htdocs\pokja\src\ActionType.php
C:\xampp\htdocs\pokja\src\AdvancedFilter.php
C:\xampp\htdocs\pokja\src\AdvancedSearch.php
C:\xampp\htdocs\pokja\src\AdvancedSecurity.php
C:\xampp\htdocs\pokja\src\AdvancedUserInterface.php
C:\xampp\htdocs\pokja\src\Allow.php
C:\xampp\htdocs\pokja\src\ApiActionEvent.php
C:\xampp\htdocs\pokja\src\ApiPermissionMiddleware.php
C:\xampp\htdocs\pokja\src\AttributeRouteControllerLoader.php
C:\xampp\htdocs\pokja\src\Attributes.php
C:\xampp\htdocs\pokja\src\AuditTrailHandler.php
C:\xampp\htdocs\pokja\src\AuthenticationEntryPoint.php
C:\xampp\htdocs\pokja\src\AuthenticationEventSubscriber.php
C:\xampp\htdocs\pokja\src\AuthenticationFailureHandler.php
C:\xampp\htdocs\pokja\src\AuthenticationMiddleware.php
C:\xampp\htdocs\pokja\src\AuthenticationSuccessHandler.php
C:\xampp\htdocs\pokja\src\BasicSearch.php
C:\xampp\htdocs\pokja\src\Breadcrumb.php
C:\xampp\htdocs\pokja\src\BytesType.php
C:\xampp\htdocs\pokja\src\CaptchaBase.php
C:\xampp\htdocs\pokja\src\CaptchaInterface.php
C:\xampp\htdocs\pokja\src\ChartExporter.php
C:\xampp\htdocs\pokja\src\ChartJsRenderer.php
C:\xampp\htdocs\pokja\src\ChartRendererInterface.php
C:\xampp\htdocs\pokja\src\ChartTypes.php
C:\xampp\htdocs\pokja\src\Cognito.php
C:\xampp\htdocs\pokja\src\ConfigurationEvent.php
C:\xampp\htdocs\pokja\src\ConnectionFactory.php
C:\xampp\htdocs\pokja\src\ContainerBuildEvent.php
C:\xampp\htdocs\pokja\src\ContainerBuiltEvent.php
C:\xampp\htdocs\pokja\src\CrosstabColumn.php
C:\xampp\htdocs\pokja\src\CrosstabTable.php
C:\xampp\htdocs\pokja\src\CspMiddleware.php
C:\xampp\htdocs\pokja\src\CsrfMiddleware.php
C:\xampp\htdocs\pokja\src\CustomUploadHandler.php
C:\xampp\htdocs\pokja\src\DataType.php
C:\xampp\htdocs\pokja\src\DatabaseConnectedEvent.php
C:\xampp\htdocs\pokja\src\DatabaseConnectingEvent.php
C:\xampp\htdocs\pokja\src\DbChart.php
C:\xampp\htdocs\pokja\src\DbField.php
C:\xampp\htdocs\pokja\src\DbFields.php
C:\xampp\htdocs\pokja\src\DbTable.php
C:\xampp\htdocs\pokja\src\DbTableBase.php
C:\xampp\htdocs\pokja\src\DebugStack.php
C:\xampp\htdocs\pokja\src\DoctrineCollector.php
C:\xampp\htdocs\pokja\src\Email.php
C:\xampp\htdocs\pokja\src\EmailTwoFactorAuthentication.php
C:\xampp\htdocs\pokja\src\EntityDescriptor.php
C:\xampp\htdocs\pokja\src\EntityManagerFactory.php
C:\xampp\htdocs\pokja\src\EntityUserProvider.php
C:\xampp\htdocs\pokja\src\Entity\Announcement.php
C:\xampp\htdocs\pokja\src\Entity\Document.php
C:\xampp\htdocs\pokja\src\Entity\Help.php
C:\xampp\htdocs\pokja\src\Entity\HelpCategory.php
C:\xampp\htdocs\pokja\src\Entity\Item.php
C:\xampp\htdocs\pokja\src\Entity\Language.php
C:\xampp\htdocs\pokja\src\Entity\Procurement.php
C:\xampp\htdocs\pokja\src\Entity\Setting.php
C:\xampp\htdocs\pokja\src\Entity\Supplier.php
C:\xampp\htdocs\pokja\src\Entity\Theuserprofile.php
C:\xampp\htdocs\pokja\src\Entity\User.php
C:\xampp\htdocs\pokja\src\Entity\Userlevel.php
C:\xampp\htdocs\pokja\src\Entity\Userlevelpermission.php
C:\xampp\htdocs\pokja\src\ExportCsv.php
C:\xampp\htdocs\pokja\src\ExportEmail.php
C:\xampp\htdocs\pokja\src\ExportExcel.php
C:\xampp\htdocs\pokja\src\ExportHandler.php
C:\xampp\htdocs\pokja\src\ExportHtml.php
C:\xampp\htdocs\pokja\src\ExportJson.php
C:\xampp\htdocs\pokja\src\ExportPdf.php
C:\xampp\htdocs\pokja\src\ExportPdfMasino.php
C:\xampp\htdocs\pokja\src\ExportPrint.php
C:\xampp\htdocs\pokja\src\ExportWord.php
C:\xampp\htdocs\pokja\src\ExportXml.php
C:\xampp\htdocs\pokja\src\FileUploadHandler.php
C:\xampp\htdocs\pokja\src\FileViewer.php
C:\xampp\htdocs\pokja\src\FirewallRequestMatcher.php
C:\xampp\htdocs\pokja\src\ForceLogoutUserAction.php
C:\xampp\htdocs\pokja\src\FormLogin1faAuthenticator.php
C:\xampp\htdocs\pokja\src\FormLogin2faAuthenticator.php
C:\xampp\htdocs\pokja\src\FormTrait.php
C:\xampp\htdocs\pokja\src\GeographyType.php
C:\xampp\htdocs\pokja\src\GeometryType.php
C:\xampp\htdocs\pokja\src\HierarchyIdType.php
C:\xampp\htdocs\pokja\src\HttpErrorHandler.php
C:\xampp\htdocs\pokja\src\HttpFoundationFactory.php
C:\xampp\htdocs\pokja\src\HttpKernel.php
C:\xampp\htdocs\pokja\src\HttpServiceUnavailableException.php
C:\xampp\htdocs\pokja\src\HttpUpload.php
C:\xampp\htdocs\pokja\src\HybridauthSessionStorage.php
C:\xampp\htdocs\pokja\src\JavascriptRenderer.php
C:\xampp\htdocs\pokja\src\JwtMiddleware.php
C:\xampp\htdocs\pokja\src\Language.php
C:\xampp\htdocs\pokja\src\LanguageLoadEvent.php
C:\xampp\htdocs\pokja\src\LegacyPasswordHasher.php
C:\xampp\htdocs\pokja\src\ListAction.php
C:\xampp\htdocs\pokja\src\ListActions.php
C:\xampp\htdocs\pokja\src\ListOption.php
C:\xampp\htdocs\pokja\src\ListOptions.php
C:\xampp\htdocs\pokja\src\ListOptionsCollection.php
C:\xampp\htdocs\pokja\src\LoginRateLimiter.php
C:\xampp\htdocs\pokja\src\LoginStatusEvent.php
C:\xampp\htdocs\pokja\src\LogoutSubscriber.php
C:\xampp\htdocs\pokja\src\Lookup.php
C:\xampp\htdocs\pokja\src\MaintenanceMiddleware.php
C:\xampp\htdocs\pokja\src\Menu.php
C:\xampp\htdocs\pokja\src\MenuItem.php
C:\xampp\htdocs\pokja\src\MenuItemAddingEvent.php
C:\xampp\htdocs\pokja\src\MenuRenderedEvent.php
C:\xampp\htdocs\pokja\src\MenuRenderingEvent.php
C:\xampp\htdocs\pokja\src\MessagesTrait.php
C:\xampp\htdocs\pokja\src\MicrosoftEntraID.php
C:\xampp\htdocs\pokja\src\NumericPager.php
C:\xampp\htdocs\pokja\src\OptionValues.php
C:\xampp\htdocs\pokja\src\PHPMailerTransport.php
C:\xampp\htdocs\pokja\src\PageLoadingEvent.php
C:\xampp\htdocs\pokja\src\PageRenderingEvent.php
C:\xampp\htdocs\pokja\src\PageUnloadedEvent.php
C:\xampp\htdocs\pokja\src\Pager.php
C:\xampp\htdocs\pokja\src\PagerItem.php
C:\xampp\htdocs\pokja\src\PasswordHash.php
C:\xampp\htdocs\pokja\src\PermissionMiddleware.php
C:\xampp\htdocs\pokja\src\PhpCaptcha.php
C:\xampp\htdocs\pokja\src\PhpDebugBar.php
C:\xampp\htdocs\pokja\src\PhpDebugBarMiddleware.php
C:\xampp\htdocs\pokja\src\PhpEncryption.php
C:\xampp\htdocs\pokja\src\PhpHttpDriver.php
C:\xampp\htdocs\pokja\src\PhpMailerTransportFactory.php
C:\xampp\htdocs\pokja\src\PragmaRxTwoFactorAuthentication.php
C:\xampp\htdocs\pokja\src\PrevNextPager.php
C:\xampp\htdocs\pokja\src\ProfileStorage.php
C:\xampp\htdocs\pokja\src\PushNotification.php
C:\xampp\htdocs\pokja\src\ReportField.php
C:\xampp\htdocs\pokja\src\ReportTable.php
C:\xampp\htdocs\pokja\src\RequestDataCollector.php
C:\xampp\htdocs\pokja\src\RequestResponseStrategy.php
C:\xampp\htdocs\pokja\src\ResendRegisterEmailAction.php
C:\xampp\htdocs\pokja\src\ResetConcurrentUserAction.php
C:\xampp\htdocs\pokja\src\ResetLoginRetryAction.php
C:\xampp\htdocs\pokja\src\ResetUserSecretAction.php
C:\xampp\htdocs\pokja\src\RouteActionEvent.php
C:\xampp\htdocs\pokja\src\RouteAttributes.php
C:\xampp\htdocs\pokja\src\RowSummary.php
C:\xampp\htdocs\pokja\src\RowTotal.php
C:\xampp\htdocs\pokja\src\RowType.php
C:\xampp\htdocs\pokja\src\Saml2.php
C:\xampp\htdocs\pokja\src\SecurityContainerCompiledEvent.php
C:\xampp\htdocs\pokja\src\SecurityContainerCompilingEvent.php
C:\xampp\htdocs\pokja\src\SecurityContainerFactory.php
C:\xampp\htdocs\pokja\src\SecurityServiceLocator.php
C:\xampp\htdocs\pokja\src\SendLoginLinkAction.php
C:\xampp\htdocs\pokja\src\SendOneTimePasswordInterface.php
C:\xampp\htdocs\pokja\src\ServicesConfigurationEvent.php
C:\xampp\htdocs\pokja\src\SessionHandler.php
C:\xampp\htdocs\pokja\src\SessionMiddleware.php
C:\xampp\htdocs\pokja\src\SetPasswordExpiredAction.php
C:\xampp\htdocs\pokja\src\SmsTwoFactorAuthentication.php
C:\xampp\htdocs\pokja\src\SsoStateSessionStore.php
C:\xampp\htdocs\pokja\src\SubPage.php
C:\xampp\htdocs\pokja\src\SubPages.php
C:\xampp\htdocs\pokja\src\SummaryField.php
C:\xampp\htdocs\pokja\src\SwitchUserAction.php
C:\xampp\htdocs\pokja\src\SwitchUserVoter.php
C:\xampp\htdocs\pokja\src\SymfonyMailCollector.php
C:\xampp\htdocs\pokja\src\TwoFactorAuthenticatedToken.php
C:\xampp\htdocs\pokja\src\TwoFactorAuthenticatingToken.php
C:\xampp\htdocs\pokja\src\TwoFactorAuthenticationInterface.php
C:\xampp\htdocs\pokja\src\UploadHandler.php
C:\xampp\htdocs\pokja\src\UrlGenerator.php
C:\xampp\htdocs\pokja\src\UserActivatedException.php
C:\xampp\htdocs\pokja\src\UserChecker.php
C:\xampp\htdocs\pokja\src\UserProfile.php
C:\xampp\htdocs\pokja\src\UserRepository.php
C:\xampp\htdocs\pokja\src\WindowsUser.php
C:\xampp\htdocs\pokja\src\WindowsUserProvider.php
C:\xampp\htdocs\pokja\src\XmlDocument.php
C:\xampp\htdocs\pokja\src\apiroutes.php
C:\xampp\htdocs\pokja\src\config.development.php
C:\xampp\htdocs\pokja\src\config.php
C:\xampp\htdocs\pokja\src\config.production.php
C:\xampp\htdocs\pokja\src\config.security.php
C:\xampp\htdocs\pokja\src\constants.php
C:\xampp\htdocs\pokja\src\definitions.php
C:\xampp\htdocs\pokja\src\lock.php
C:\xampp\htdocs\pokja\src\phpfn.php
C:\xampp\htdocs\pokja\src\routes.php
C:\xampp\htdocs\pokja\src\security.php
C:\xampp\htdocs\pokja\src\services.php
C:\xampp\htdocs\pokja\src\userfn.php
C:\xampp\htdocs\pokja\src\userlevelsettings.php
C:\xampp\htdocs\pokja\views\AnnouncementAdd.php
C:\xampp\htdocs\pokja\views\AnnouncementDelete.php
C:\xampp\htdocs\pokja\views\AnnouncementEdit.php
C:\xampp\htdocs\pokja\views\AnnouncementList.php
C:\xampp\htdocs\pokja\views\AnnouncementView.php
C:\xampp\htdocs\pokja\views\Breadcrumblinksaddsp.php
C:\xampp\htdocs\pokja\views\Breadcrumblinkschecksp.php
C:\xampp\htdocs\pokja\views\Breadcrumblinksdeletesp.php
C:\xampp\htdocs\pokja\views\Breadcrumblinksmovesp.php
C:\xampp\htdocs\pokja\views\ChangePassword.php
C:\xampp\htdocs\pokja\views\DocumentsAdd.php
C:\xampp\htdocs\pokja\views\DocumentsDelete.php
C:\xampp\htdocs\pokja\views\DocumentsEdit.php
C:\xampp\htdocs\pokja\views\DocumentsList.php
C:\xampp\htdocs\pokja\views\DocumentsView.php
C:\xampp\htdocs\pokja\views\Error.php
C:\xampp\htdocs\pokja\views\HelpAdd.php
C:\xampp\htdocs\pokja\views\HelpCategoriesAdd.php
C:\xampp\htdocs\pokja\views\HelpCategoriesDelete.php
C:\xampp\htdocs\pokja\views\HelpCategoriesEdit.php
C:\xampp\htdocs\pokja\views\HelpCategoriesList.php
C:\xampp\htdocs\pokja\views\HelpCategoriesMaster.php
C:\xampp\htdocs\pokja\views\HelpCategoriesView.php
C:\xampp\htdocs\pokja\views\HelpDelete.php
C:\xampp\htdocs\pokja\views\HelpEdit.php
C:\xampp\htdocs\pokja\views\HelpGrid.php
C:\xampp\htdocs\pokja\views\HelpList.php
C:\xampp\htdocs\pokja\views\HelpPreview.php
C:\xampp\htdocs\pokja\views\HelpView.php
C:\xampp\htdocs\pokja\views\Home.php
C:\xampp\htdocs\pokja\views\ItemsAdd.php
C:\xampp\htdocs\pokja\views\ItemsDelete.php
C:\xampp\htdocs\pokja\views\ItemsEdit.php
C:\xampp\htdocs\pokja\views\ItemsList.php
C:\xampp\htdocs\pokja\views\ItemsView.php
C:\xampp\htdocs\pokja\views\LanguagesAdd.php
C:\xampp\htdocs\pokja\views\LanguagesDelete.php
C:\xampp\htdocs\pokja\views\LanguagesEdit.php
C:\xampp\htdocs\pokja\views\LanguagesList.php
C:\xampp\htdocs\pokja\views\LanguagesView.php
C:\xampp\htdocs\pokja\views\Loadaboutus.php
C:\xampp\htdocs\pokja\views\Loadhelponline.php
C:\xampp\htdocs\pokja\views\Loadtermsconditions.php
C:\xampp\htdocs\pokja\views\Login.php
C:\xampp\htdocs\pokja\views\PersonalData.php
C:\xampp\htdocs\pokja\views\Printtermsconditions.php
C:\xampp\htdocs\pokja\views\ProcurementsAdd.php
C:\xampp\htdocs\pokja\views\ProcurementsDelete.php
C:\xampp\htdocs\pokja\views\ProcurementsEdit.php
C:\xampp\htdocs\pokja\views\ProcurementsList.php
C:\xampp\htdocs\pokja\views\ProcurementsView.php
C:\xampp\htdocs\pokja\views\ResetPassword.php
C:\xampp\htdocs\pokja\views\SettingsAdd.php
C:\xampp\htdocs\pokja\views\SettingsDelete.php
C:\xampp\htdocs\pokja\views\SettingsEdit.php
C:\xampp\htdocs\pokja\views\SettingsList.php
C:\xampp\htdocs\pokja\views\SettingsView.php
C:\xampp\htdocs\pokja\views\SuppliersAdd.php
C:\xampp\htdocs\pokja\views\SuppliersDelete.php
C:\xampp\htdocs\pokja\views\SuppliersEdit.php
C:\xampp\htdocs\pokja\views\SuppliersList.php
C:\xampp\htdocs\pokja\views\SuppliersView.php
C:\xampp\htdocs\pokja\views\TheuserprofileAdd.php
C:\xampp\htdocs\pokja\views\TheuserprofileDelete.php
C:\xampp\htdocs\pokja\views\TheuserprofileEdit.php
C:\xampp\htdocs\pokja\views\TheuserprofileList.php
C:\xampp\htdocs\pokja\views\TheuserprofileSearch.php
C:\xampp\htdocs\pokja\views\TheuserprofileView.php
C:\xampp\htdocs\pokja\views\UserlevelpermissionsAdd.php
C:\xampp\htdocs\pokja\views\UserlevelpermissionsDelete.php
C:\xampp\htdocs\pokja\views\UserlevelpermissionsEdit.php
C:\xampp\htdocs\pokja\views\UserlevelpermissionsList.php
C:\xampp\htdocs\pokja\views\UserlevelpermissionsView.php
C:\xampp\htdocs\pokja\views\UserlevelsAdd.php
C:\xampp\htdocs\pokja\views\UserlevelsDelete.php
C:\xampp\htdocs\pokja\views\UserlevelsEdit.php
C:\xampp\htdocs\pokja\views\UserlevelsList.php
C:\xampp\htdocs\pokja\views\UserlevelsMaster.php
C:\xampp\htdocs\pokja\views\UserlevelsView.php
C:\xampp\htdocs\pokja\views\Userpriv.php
C:\xampp\htdocs\pokja\views\UsersAdd.php
C:\xampp\htdocs\pokja\views\UsersDelete.php
C:\xampp\htdocs\pokja\views\UsersEdit.php
C:\xampp\htdocs\pokja\views\UsersGrid.php
C:\xampp\htdocs\pokja\views\UsersList.php
C:\xampp\htdocs\pokja\views\UsersPreview.php
C:\xampp\htdocs\pokja\views\UsersSearch.php
C:\xampp\htdocs\pokja\views\UsersView.php
C:\xampp\htdocs\pokja\views\email.php
C:\xampp\htdocs\pokja\views\layout.php
C:\xampp\htdocs\pokja\views\menu.php
C:\xampp\htdocs\pokja\views\swagger.php
C:\xampp\htdocs\pokja\web.config